<?xml version="1.0" encoding="UTF-8"?>
<!-- Generated by org.testng.reporters.JUnitReportReporter -->
<testsuite skipped="0" hostname="HPDB0271" name="com.qainfotech.automation.hris_login.AppTest" tests="1" failures="0" timestamp="22 Jun 2018 08:23:11 GMT" time="0.807" errors="0">
  <testcase name="login_form_should_not_be_present" time="0.807" classname="com.qainfotech.automation.hris_login.AppTest"/>
</testsuite> <!-- com.qainfotech.automation.hris_login.AppTest -->
