<?xml version="1.0" encoding="UTF-8"?>
<!-- Generated by org.testng.reporters.JUnitReportReporter -->
<testsuite skipped="0" hostname="HPDB0271" name="com.qainfotech.automation.hris_login.AppTest" tests="1" failures="0" timestamp="22 Jun 2018 05:50:19 GMT" time="4.287" errors="0">
  <testcase name="hrisAppTest" time="4.287" classname="com.qainfotech.automation.hris_login.AppTest"/>
</testsuite> <!-- com.qainfotech.automation.hris_login.AppTest -->
